<?xml version="1.0" encoding="UTF-8"?>
<!-- Generated by org.testng.reporters.JUnitReportReporter -->
<testsuite hostname="GRACE" name="com.maven.testNGMaven.TestNgMavenSecondClass" tests="1" failures="0" timestamp="26 Oct 2020 14:57:57 GMT" time="0.001" errors="0">
  <testcase name="oneMoreTest" time="0.001" classname="com.maven.testNGMaven.TestNgMavenSecondClass"/>
</testsuite> <!-- com.maven.testNGMaven.TestNgMavenSecondClass -->
