<?xml version="1.0" encoding="UTF-8"?>
<!-- Generated by org.testng.reporters.JUnitReportReporter -->
<testsuite hostname="GRACE" name="com.maven.testNGMaven.TestNgMavenExampleTest" tests="2" failures="0" timestamp="26 Oct 2020 14:57:57 GMT" time="0.008" errors="0">
  <testcase name="testAdd" time="0.002" classname="com.maven.testNGMaven.TestNgMavenExampleTest"/>
  <testcase name="exampleOfTestNgMaven" time="0.006" classname="com.maven.testNGMaven.TestNgMavenExampleTest"/>
</testsuite> <!-- com.maven.testNGMaven.TestNgMavenExampleTest -->
