<?xml version="1.0" encoding="UTF-8"?>
<!-- Generated by org.testng.reporters.JUnitReportReporter -->
<testsuite hostname="GRACE" name="com.maven.testNGMaven.AppTest" tests="1" failures="0" timestamp="26 Oct 2020 14:57:57 GMT" time="0.000" errors="0">
  <testcase name="testApp" time="0.000" classname="com.maven.testNGMaven.AppTest"/>
</testsuite> <!-- com.maven.testNGMaven.AppTest -->
